Removed Pin From Net: NetName=FPGA_DDR_D5 Pin=D2-AE17
Removed Pin From Net: NetName=FPGA_DDR_D20 Pin=D2-AE18
Removed Pin From Net: NetName=FPGA_DDR_D22 Pin=D2-AE19
Removed Pin From Net: NetName=FPGA_DDR_D27 Pin=D2-AE22
Removed Pin From Net: NetName=FPGA_DDR_D7 Pin=D2-AF18
Removed Pin From Net: NetName=FPGA_DDR_D18 Pin=D2-AF20
Removed Pin From Net: NetName=FPGA_DDR_D16 Pin=D2-AF21
Removed Pin From Net: NetName=FPGA_DDR_D29 Pin=D2-AF23
Removed Pin From Net: NetName=FPGA_DDR_D14 Pin=D2-AG20
Removed Pin From Net: NetName=FPGA_DDR_D1 Pin=D2-AG21
Removed Pin From Net: NetName=FPGA_DDR_D17 Pin=D2-AG22
Removed Pin From Net: NetName=FPGA_DDR_D4 Pin=D2-AH18
Removed Pin From Net: NetName=FPGA_DDR_D3 Pin=D2-AH20
Removed Pin From Net: NetName=FPGA_DDR_D21 Pin=D2-AH23
Removed Pin From Net: NetName=FPGA_DDR_D10 Pin=D2-AH24
Removed Pin From Net: NetName=FPGA_DDR_D8 Pin=D2-AJ20
Removed Pin From Net: NetName=FPGA_DDR_D23 Pin=D2-AK22
Removed Pin From Net: NetName=HPS_DDR_D3 Pin=D2-G28
Removed Pin From Net: NetName=HPS_DDR_D2 Pin=D2-H30
Removed Pin From Net: NetName=HPS_DDR_D7 Pin=D2-J29
Removed Pin From Net: NetName=HPS_DDR_D6 Pin=D2-J30
Removed Pin From Net: NetName=HPS_DDR_D1 Pin=D2-K22
Removed Pin From Net: NetName=HPS_DDR_D0 Pin=D2-K23
Removed Pin From Net: NetName=HPS_DDR_D8 Pin=D2-K26
Removed Pin From Net: NetName=HPS_DDR_D11 Pin=D2-K27
Removed Pin From Net: NetName=HPS_DDR_D10 Pin=D2-K29
Removed Pin From Net: NetName=HPS_DDR_D5 Pin=D2-L24
Removed Pin From Net: NetName=HPS_DDR_D4 Pin=D2-L25
Removed Pin From Net: NetName=HPS_DDR_D9 Pin=D2-L26
Removed Pin From Net: NetName=HPS_DDR_D14 Pin=D2-L28
Removed Pin From Net: NetName=HPS_DDR_D12 Pin=D2-M26
Removed Pin From Net: NetName=HPS_DDR_D13 Pin=D2-M27
Removed Pin From Net: NetName=HPS_DDR_D15 Pin=D2-M30
Removed Pin From Net: NetName=HPS_DDR_D22 Pin=D2-N27
Removed Pin From Net: NetName=HPS_DDR_D19 Pin=D2-N28
Removed Pin From Net: NetName=HPS_DDR_D18 Pin=D2-N29
Removed Pin From Net: NetName=HPS_DDR_D24 Pin=D2-P24
Removed Pin From Net: NetName=HPS_DDR_D25 Pin=D2-P25
Removed Pin From Net: NetName=HPS_DDR_D20 Pin=D2-P26
Removed Pin From Net: NetName=HPS_DDR_D21 Pin=D2-P27
Removed Pin From Net: NetName=HPS_DDR_D29 Pin=D2-R26
Removed Pin From Net: NetName=HPS_DDR_D28 Pin=D2-R27
Removed Pin From Net: NetName=HPS_DDR_D23 Pin=D2-R29
Removed Pin From Net: NetName=HPS_DDR_D17 Pin=D2-T26
Removed Pin From Net: NetName=HPS_DDR_D27 Pin=D2-T28
Removed Pin From Net: NetName=HPS_DDR_D26 Pin=D2-T29
Removed Pin From Net: NetName=HPS_DDR_D16 Pin=D2-U26
Removed Pin From Net: NetName=HPS_DDR_D30 Pin=D2-V30
Removed Pin From Net: NetName=HPS_DDR_D31 Pin=D2-W29
Added Pin To Net: NetName=FPGA_DDR_D4 Pin=D2-AE17
Added Pin To Net: NetName=FPGA_DDR_D18 Pin=D2-AE18
Added Pin To Net: NetName=FPGA_DDR_D16 Pin=D2-AE19
Added Pin To Net: NetName=FPGA_DDR_D29 Pin=D2-AE22
Added Pin To Net: NetName=FPGA_DDR_D3 Pin=D2-AF18
Added Pin To Net: NetName=FPGA_DDR_D23 Pin=D2-AF20
Added Pin To Net: NetName=FPGA_DDR_D21 Pin=D2-AF21
Added Pin To Net: NetName=FPGA_DDR_D27 Pin=D2-AF23
Added Pin To Net: NetName=FPGA_DDR_D10 Pin=D2-AG20
Added Pin To Net: NetName=FPGA_DDR_D5 Pin=D2-AG21
Added Pin To Net: NetName=FPGA_DDR_D20 Pin=D2-AG22
Added Pin To Net: NetName=FPGA_DDR_D1 Pin=D2-AH18
Added Pin To Net: NetName=FPGA_DDR_D7 Pin=D2-AH20
Added Pin To Net: NetName=FPGA_DDR_D17 Pin=D2-AH23
Added Pin To Net: NetName=FPGA_DDR_D8 Pin=D2-AH24
Added Pin To Net: NetName=FPGA_DDR_D14 Pin=D2-AJ20
Added Pin To Net: NetName=FPGA_DDR_D22 Pin=D2-AK22
Added Pin To Net: NetName=HPS_DDR_D7 Pin=D2-G28
Added Pin To Net: NetName=HPS_DDR_D1 Pin=D2-H30
Added Pin To Net: NetName=HPS_DDR_D0 Pin=D2-J29
Added Pin To Net: NetName=HPS_DDR_D4 Pin=D2-J30
Added Pin To Net: NetName=HPS_DDR_D5 Pin=D2-K22
Added Pin To Net: NetName=HPS_DDR_D3 Pin=D2-K23
Added Pin To Net: NetName=HPS_DDR_D14 Pin=D2-K26
Added Pin To Net: NetName=HPS_DDR_D12 Pin=D2-K27
Added Pin To Net: NetName=HPS_DDR_D15 Pin=D2-K29
Added Pin To Net: NetName=HPS_DDR_D2 Pin=D2-L24
Added Pin To Net: NetName=HPS_DDR_D6 Pin=D2-L25
Added Pin To Net: NetName=HPS_DDR_D10 Pin=D2-L26
Added Pin To Net: NetName=HPS_DDR_D13 Pin=D2-L28
Added Pin To Net: NetName=HPS_DDR_D8 Pin=D2-M26
Added Pin To Net: NetName=HPS_DDR_D11 Pin=D2-M27
Added Pin To Net: NetName=HPS_DDR_D9 Pin=D2-M30
Added Pin To Net: NetName=HPS_DDR_D20 Pin=D2-N27
Added Pin To Net: NetName=HPS_DDR_D23 Pin=D2-N28
Added Pin To Net: NetName=HPS_DDR_D21 Pin=D2-N29
Added Pin To Net: NetName=HPS_DDR_D25 Pin=D2-P24
Added Pin To Net: NetName=HPS_DDR_D24 Pin=D2-P25
Added Pin To Net: NetName=HPS_DDR_D22 Pin=D2-P26
Added Pin To Net: NetName=HPS_DDR_D19 Pin=D2-P27
Added Pin To Net: NetName=HPS_DDR_D30 Pin=D2-R26
Added Pin To Net: NetName=HPS_DDR_D26 Pin=D2-R27
Added Pin To Net: NetName=HPS_DDR_D17 Pin=D2-R29
Added Pin To Net: NetName=HPS_DDR_D16 Pin=D2-T26
Added Pin To Net: NetName=HPS_DDR_D31 Pin=D2-T28
Added Pin To Net: NetName=HPS_DDR_D28 Pin=D2-T29
Added Pin To Net: NetName=HPS_DDR_D18 Pin=D2-U26
Added Pin To Net: NetName=HPS_DDR_D27 Pin=D2-V30
Added Pin To Net: NetName=HPS_DDR_D29 Pin=D2-W29
Added Member To Class: ClassName=HPS_DDR3.SchDoc Member=Component R67 CR0402-100 Îì-±TOLERANCE
Added Member To Class: ClassName=HPS_DDR3.SchDoc Member=Component R71 CR0402-2 êÎì-±5%
